[2021-12-19 14:15:49] local.ERROR: Please provide a valid cache path. {"exception":"[object] (InvalidArgumentException(code: 0): Please provide a valid cache path. at C:\\xampp1\\htdocs\\msm\\vendor\\laravel\\framework\\src\\Illuminate\\View\\Compilers\\Compiler.php:36)
[stacktrace]
#0 C:\\xampp1\\htdocs\\msm\\vendor\\laravel\\framework\\src\\Illuminate\\View\\ViewServiceProvider.php(88): Illuminate\\View\\Compilers\\Compiler->__construct(Object(Illuminate\\Filesystem\\Filesystem), false)
#1 C:\\xampp1\\htdocs\\msm\\vendor\\laravel\\framework\\src\\Illuminate\\Container\\Container.php(873): Illuminate\\View\\ViewServiceProvider->Illuminate\\View\\{closure}(Object(Illuminate\\Foundation\\Application), Array)
#2 C:\\xampp1\\htdocs\\msm\\vendor\\laravel\\framework\\src\\Illuminate\\Container\\Container.php(758): Illuminate\\Container\\Container->build(Object(Closure))
#3 C:\\xampp1\\htdocs\\msm\\vendor\\laravel\\framework\\src\\Illuminate\\Foundation\\Application.php(841): Illuminate\\Container\\Container->resolve('blade.compiler', Array, true)
#4 C:\\xampp1\\htdocs\\msm\\vendor\\laravel\\framework\\src\\Illuminate\\Container\\Container.php(694): Illuminate\\Foundation\\Application->resolve('blade.compiler', Array)
#5 C:\\xampp1\\htdocs\\msm\\vendor\\laravel\\framework\\src\\Illuminate\\Foundation\\Application.php(826): Illuminate\\Container\\Container->make('blade.compiler', Array)
#6 C:\\xampp1\\htdocs\\msm\\vendor\\laravel\\framework\\src\\Illuminate\\Container\\Container.php(1423): Illuminate\\Foundation\\Application->make('blade.compiler')
#7 C:\\xampp1\\htdocs\\msm\\vendor\\laravel\\framework\\src\\Illuminate\\View\\ViewServiceProvider.php(150): Illuminate\\Container\\Container->offsetGet('blade.compiler')
#8 [internal function]: Illuminate\\View\\ViewServiceProvider->Illuminate\\View\\{closure}()
#9 C:\\xampp1\\htdocs\\msm\\vendor\\laravel\\framework\\src\\Illuminate\\View\\Engines\\EngineResolver.php(55): call_user_func(Object(Closure))
#10 C:\\xampp1\\htdocs\\msm\\vendor\\facade\\ignition\\src\\IgnitionServiceProvider.php(461): Illuminate\\View\\Engines\\EngineResolver->resolve('blade')
#11 C:\\xampp1\\htdocs\\msm\\vendor\\facade\\ignition\\src\\IgnitionServiceProvider.php(155): Facade\\Ignition\\IgnitionServiceProvider->hasCustomViewEnginesRegistered()
#12 C:\\xampp1\\htdocs\\msm\\vendor\\facade\\ignition\\src\\IgnitionServiceProvider.php(98): Facade\\Ignition\\IgnitionServiceProvider->registerViewEngines()
#13 C:\\xampp1\\htdocs\\msm\\vendor\\laravel\\framework\\src\\Illuminate\\Container\\BoundMethod.php(36): Facade\\Ignition\\IgnitionServiceProvider->boot()
#14 C:\\xampp1\\htdocs\\msm\\vendor\\laravel\\framework\\src\\Illuminate\\Container\\Util.php(40): Illuminate\\Container\\BoundMethod::Illuminate\\Container\\{closure}()
#15 C:\\xampp1\\htdocs\\msm\\vendor\\laravel\\framework\\src\\Illuminate\\Container\\BoundMethod.php(93): Illuminate\\Container\\Util::unwrapIfClosure(Object(Closure))
#16 C:\\xampp1\\htdocs\\msm\\vendor\\laravel\\framework\\src\\Illuminate\\Container\\BoundMethod.php(37): Illuminate\\Container\\BoundMethod::callBoundMethod(Object(Illuminate\\Foundation\\Application), Array, Object(Closure))
#17 C:\\xampp1\\htdocs\\msm\\vendor\\laravel\\framework\\src\\Illuminate\\Container\\Container.php(653): Illuminate\\Container\\BoundMethod::call(Object(Illuminate\\Foundation\\Application), Array, Array, NULL)
#18 C:\\xampp1\\htdocs\\msm\\vendor\\laravel\\framework\\src\\Illuminate\\Foundation\\Application.php(914): Illuminate\\Container\\Container->call(Array)
#19 C:\\xampp1\\htdocs\\msm\\vendor\\laravel\\framework\\src\\Illuminate\\Foundation\\Application.php(895): Illuminate\\Foundation\\Application->bootProvider(Object(Facade\\Ignition\\IgnitionServiceProvider))
#20 [internal function]: Illuminate\\Foundation\\Application->Illuminate\\Foundation\\{closure}(Object(Facade\\Ignition\\IgnitionServiceProvider), 15)
#21 C:\\xampp1\\htdocs\\msm\\vendor\\laravel\\framework\\src\\Illuminate\\Foundation\\Application.php(896): array_walk(Array, Object(Closure))
#22 C:\\xampp1\\htdocs\\msm\\vendor\\laravel\\framework\\src\\Illuminate\\Foundation\\Bootstrap\\BootProviders.php(17): Illuminate\\Foundation\\Application->boot()
#23 C:\\xampp1\\htdocs\\msm\\vendor\\laravel\\framework\\src\\Illuminate\\Foundation\\Application.php(237): Illuminate\\Foundation\\Bootstrap\\BootProviders->bootstrap(Object(Illuminate\\Foundation\\Application))
#24 C:\\xampp1\\htdocs\\msm\\vendor\\laravel\\framework\\src\\Illuminate\\Foundation\\Console\\Kernel.php(310): Illuminate\\Foundation\\Application->bootstrapWith(Array)
#25 C:\\xampp1\\htdocs\\msm\\vendor\\laravel\\framework\\src\\Illuminate\\Foundation\\Console\\Kernel.php(127): Illuminate\\Foundation\\Console\\Kernel->bootstrap()
#26 C:\\xampp1\\htdocs\\msm\\artisan(37): Illuminate\\Foundation\\Console\\Kernel->handle(Object(Symfony\\Component\\Console\\Input\\ArgvInput), Object(Symfony\\Component\\Console\\Output\\ConsoleOutput))
#27 {main}
"} 
[2021-12-19 14:16:36] local.ERROR: Please provide a valid cache path. {"exception":"[object] (InvalidArgumentException(code: 0): Please provide a valid cache path. at C:\\xampp1\\htdocs\\msm\\vendor\\laravel\\framework\\src\\Illuminate\\View\\Compilers\\Compiler.php:36)
[stacktrace]
#0 C:\\xampp1\\htdocs\\msm\\vendor\\laravel\\framework\\src\\Illuminate\\View\\ViewServiceProvider.php(88): Illuminate\\View\\Compilers\\Compiler->__construct(Object(Illuminate\\Filesystem\\Filesystem), false)
#1 C:\\xampp1\\htdocs\\msm\\vendor\\laravel\\framework\\src\\Illuminate\\Container\\Container.php(873): Illuminate\\View\\ViewServiceProvider->Illuminate\\View\\{closure}(Object(Illuminate\\Foundation\\Application), Array)
#2 C:\\xampp1\\htdocs\\msm\\vendor\\laravel\\framework\\src\\Illuminate\\Container\\Container.php(758): Illuminate\\Container\\Container->build(Object(Closure))
#3 C:\\xampp1\\htdocs\\msm\\vendor\\laravel\\framework\\src\\Illuminate\\Foundation\\Application.php(841): Illuminate\\Container\\Container->resolve('blade.compiler', Array, true)
#4 C:\\xampp1\\htdocs\\msm\\vendor\\laravel\\framework\\src\\Illuminate\\Container\\Container.php(694): Illuminate\\Foundation\\Application->resolve('blade.compiler', Array)
#5 C:\\xampp1\\htdocs\\msm\\vendor\\laravel\\framework\\src\\Illuminate\\Foundation\\Application.php(826): Illuminate\\Container\\Container->make('blade.compiler', Array)
#6 C:\\xampp1\\htdocs\\msm\\vendor\\laravel\\framework\\src\\Illuminate\\Container\\Container.php(1423): Illuminate\\Foundation\\Application->make('blade.compiler')
#7 C:\\xampp1\\htdocs\\msm\\vendor\\laravel\\framework\\src\\Illuminate\\View\\ViewServiceProvider.php(150): Illuminate\\Container\\Container->offsetGet('blade.compiler')
#8 [internal function]: Illuminate\\View\\ViewServiceProvider->Illuminate\\View\\{closure}()
#9 C:\\xampp1\\htdocs\\msm\\vendor\\laravel\\framework\\src\\Illuminate\\View\\Engines\\EngineResolver.php(55): call_user_func(Object(Closure))
#10 C:\\xampp1\\htdocs\\msm\\vendor\\facade\\ignition\\src\\IgnitionServiceProvider.php(461): Illuminate\\View\\Engines\\EngineResolver->resolve('blade')
#11 C:\\xampp1\\htdocs\\msm\\vendor\\facade\\ignition\\src\\IgnitionServiceProvider.php(155): Facade\\Ignition\\IgnitionServiceProvider->hasCustomViewEnginesRegistered()
#12 C:\\xampp1\\htdocs\\msm\\vendor\\facade\\ignition\\src\\IgnitionServiceProvider.php(98): Facade\\Ignition\\IgnitionServiceProvider->registerViewEngines()
#13 C:\\xampp1\\htdocs\\msm\\vendor\\laravel\\framework\\src\\Illuminate\\Container\\BoundMethod.php(36): Facade\\Ignition\\IgnitionServiceProvider->boot()
#14 C:\\xampp1\\htdocs\\msm\\vendor\\laravel\\framework\\src\\Illuminate\\Container\\Util.php(40): Illuminate\\Container\\BoundMethod::Illuminate\\Container\\{closure}()
#15 C:\\xampp1\\htdocs\\msm\\vendor\\laravel\\framework\\src\\Illuminate\\Container\\BoundMethod.php(93): Illuminate\\Container\\Util::unwrapIfClosure(Object(Closure))
#16 C:\\xampp1\\htdocs\\msm\\vendor\\laravel\\framework\\src\\Illuminate\\Container\\BoundMethod.php(37): Illuminate\\Container\\BoundMethod::callBoundMethod(Object(Illuminate\\Foundation\\Application), Array, Object(Closure))
#17 C:\\xampp1\\htdocs\\msm\\vendor\\laravel\\framework\\src\\Illuminate\\Container\\Container.php(653): Illuminate\\Container\\BoundMethod::call(Object(Illuminate\\Foundation\\Application), Array, Array, NULL)
#18 C:\\xampp1\\htdocs\\msm\\vendor\\laravel\\framework\\src\\Illuminate\\Foundation\\Application.php(914): Illuminate\\Container\\Container->call(Array)
#19 C:\\xampp1\\htdocs\\msm\\vendor\\laravel\\framework\\src\\Illuminate\\Foundation\\Application.php(895): Illuminate\\Foundation\\Application->bootProvider(Object(Facade\\Ignition\\IgnitionServiceProvider))
#20 [internal function]: Illuminate\\Foundation\\Application->Illuminate\\Foundation\\{closure}(Object(Facade\\Ignition\\IgnitionServiceProvider), 15)
#21 C:\\xampp1\\htdocs\\msm\\vendor\\laravel\\framework\\src\\Illuminate\\Foundation\\Application.php(896): array_walk(Array, Object(Closure))
#22 C:\\xampp1\\htdocs\\msm\\vendor\\laravel\\framework\\src\\Illuminate\\Foundation\\Bootstrap\\BootProviders.php(17): Illuminate\\Foundation\\Application->boot()
#23 C:\\xampp1\\htdocs\\msm\\vendor\\laravel\\framework\\src\\Illuminate\\Foundation\\Application.php(237): Illuminate\\Foundation\\Bootstrap\\BootProviders->bootstrap(Object(Illuminate\\Foundation\\Application))
#24 C:\\xampp1\\htdocs\\msm\\vendor\\laravel\\framework\\src\\Illuminate\\Foundation\\Console\\Kernel.php(310): Illuminate\\Foundation\\Application->bootstrapWith(Array)
#25 C:\\xampp1\\htdocs\\msm\\vendor\\laravel\\framework\\src\\Illuminate\\Foundation\\Console\\Kernel.php(127): Illuminate\\Foundation\\Console\\Kernel->bootstrap()
#26 C:\\xampp1\\htdocs\\msm\\artisan(37): Illuminate\\Foundation\\Console\\Kernel->handle(Object(Symfony\\Component\\Console\\Input\\ArgvInput), Object(Symfony\\Component\\Console\\Output\\ConsoleOutput))
#27 {main}
"} 
